c:\users\donha\onedrive\바탕 화면\git\c\string_\string_\debug\vc142.pdb
c:\users\donha\onedrive\바탕 화면\git\c\string_\string_\debug\vc142.idb
c:\users\donha\onedrive\바탕 화면\git\c\string_\string_\debug\project1.obj
c:\users\donha\onedrive\바탕 화면\git\c\string_\string_\debug\printscanf.obj
c:\users\donha\onedrive\바탕 화면\git\c\string_\debug\string_.pdb
c:\users\donha\onedrive\바탕 화면\git\c\string_\string_\debug\string_.tlog\cl.command.1.tlog
c:\users\donha\onedrive\바탕 화면\git\c\string_\string_\debug\string_.tlog\cl.read.1.tlog
c:\users\donha\onedrive\바탕 화면\git\c\string_\string_\debug\string_.tlog\cl.write.1.tlog
c:\users\donha\onedrive\바탕 화면\git\c\string_\string_\debug\string_.tlog\link-cvtres.read.1.tlog
c:\users\donha\onedrive\바탕 화면\git\c\string_\string_\debug\string_.tlog\link-cvtres.write.1.tlog
c:\users\donha\onedrive\바탕 화면\git\c\string_\string_\debug\string_.tlog\link-rc.read.1.tlog
c:\users\donha\onedrive\바탕 화면\git\c\string_\string_\debug\string_.tlog\link-rc.write.1.tlog
c:\users\donha\onedrive\바탕 화면\git\c\string_\string_\debug\string_.tlog\link.3940-cvtres.read.1.tlog
c:\users\donha\onedrive\바탕 화면\git\c\string_\string_\debug\string_.tlog\link.3940-cvtres.write.1.tlog
c:\users\donha\onedrive\바탕 화면\git\c\string_\string_\debug\string_.tlog\link.3940-rc.read.1.tlog
c:\users\donha\onedrive\바탕 화면\git\c\string_\string_\debug\string_.tlog\link.3940-rc.write.1.tlog
c:\users\donha\onedrive\바탕 화면\git\c\string_\string_\debug\string_.tlog\link.3940.read.1.tlog
c:\users\donha\onedrive\바탕 화면\git\c\string_\string_\debug\string_.tlog\link.3940.write.1.tlog
c:\users\donha\onedrive\바탕 화면\git\c\string_\string_\debug\string_.tlog\link.command.1.tlog
c:\users\donha\onedrive\바탕 화면\git\c\string_\string_\debug\string_.tlog\link.read.1.tlog
c:\users\donha\onedrive\바탕 화면\git\c\string_\string_\debug\string_.tlog\link.write.1.tlog
